{
  "stats": {
    "suites": 1,
    "tests": 1,
    "passes": 1,
    "pending": 0,
    "failures": 0,
    "start": "2022-09-06T19:08:51.243Z",
    "end": "2022-09-06T19:08:52.911Z",
    "duration": 1668,
    "testsRegistered": 1,
    "passPercent": 100,
    "pendingPercent": 0,
    "other": 0,
    "hasOther": false,
    "skipped": 0,
    "hasSkipped": false
  },
  "results": [
    {
      "uuid": "6a404f28-a2ae-40ff-961a-8583e173a2dd",
      "title": "",
      "fullFile": "cypress\\e2e\\card\\card.cy.js",
      "file": "cypress\\e2e\\card\\card.cy.js",
      "beforeHooks": [],
      "afterHooks": [],
      "tests": [],
      "suites": [
        {
          "uuid": "f0012bda-77dd-46a6-be8f-fc056cbcdf8f",
          "title": "Test main page",
          "fullFile": "",
          "file": "",
          "beforeHooks": [],
          "afterHooks": [],
          "tests": [
            {
              "title": "should see cv page",
              "fullTitle": "Test main page should see cv page",
              "timedOut": null,
              "duration": 1650,
              "state": "passed",
              "speed": "fast",
              "pass": true,
              "fail": false,
              "pending": false,
              "context": null,
              "code": "cy.location().its('pathname').should('eq', '/cv-vue/');",
              "err": {},
              "uuid": "f1f620da-1474-40ea-972a-f1fa6c0e36a3",
              "parentUUID": "f0012bda-77dd-46a6-be8f-fc056cbcdf8f",
              "isHook": false,
              "skipped": false
            }
          ],
          "suites": [],
          "passes": [
            "f1f620da-1474-40ea-972a-f1fa6c0e36a3"
          ],
          "failures": [],
          "pending": [],
          "skipped": [],
          "duration": 1650,
          "root": false,
          "rootEmpty": false,
          "_timeout": 2000
        }
      ],
      "passes": [],
      "failures": [],
      "pending": [],
      "skipped": [],
      "duration": 0,
      "root": true,
      "rootEmpty": true,
      "_timeout": 2000
    }
  ],
  "meta": {
    "mocha": {
      "version": "7.0.1"
    },
    "mochawesome": {
      "options": {
        "quiet": true,
        "reportFilename": "mochawesome",
        "saveHtml": false,
        "saveJson": true,
        "consoleReporter": "spec",
        "useInlineDiffs": false,
        "code": true
      },
      "version": "7.1.3"
    },
    "marge": {
      "options": {
        "reportDir": "cypress/results/mocha",
        "overwrite": false,
        "quiet": true,
        "html": false,
        "json": true,
        "embeddedScreenshots": true
      },
      "version": "6.2.0"
    }
  }
}