{
  "stats": {
    "suites": 2,
    "tests": 1,
    "passes": 0,
    "pending": 0,
    "failures": 1,
    "start": "2022-09-07T18:36:04.866Z",
    "end": "2022-09-07T18:36:05.304Z",
    "duration": 438,
    "testsRegistered": 1,
    "passPercent": 0,
    "pendingPercent": 0,
    "other": 0,
    "hasOther": false,
    "skipped": 0,
    "hasSkipped": false
  },
  "results": [
    {
      "uuid": "4ccc9ee6-9dff-4217-b5c7-f2965e663e93",
      "title": "",
      "fullFile": "cypress\\e2e\\asddsa\\api.cy.js",
      "file": "cypress\\e2e\\asddsa\\api.cy.js",
      "beforeHooks": [],
      "afterHooks": [],
      "tests": [],
      "suites": [
        {
          "uuid": "bf4cecdd-6e40-42a8-9f3c-7496bec117b1",
          "title": "Test api methods",
          "fullFile": "",
          "file": "",
          "beforeHooks": [],
          "afterHooks": [],
          "tests": [],
          "suites": [
            {
              "uuid": "4dcde759-3d27-455d-9a98-fe1a6a0f242b",
              "title": "Test sendRequest method",
              "fullFile": "",
              "file": "",
              "beforeHooks": [],
              "afterHooks": [],
              "tests": [
                {
                  "title": "should not be able to read data",
                  "fullTitle": "Test api methods Test sendRequest method should not be able to read data",
                  "timedOut": null,
                  "duration": 398,
                  "state": "failed",
                  "speed": null,
                  "pass": false,
                  "fail": true,
                  "pending": false,
                  "context": "\"assets/asddsa/api.cy.js/Test api methods -- Test sendRequest method -- should not be able to read data (failed).png\"",
                  "code": "cy.request({\n  url: `${Cypress.env('apiHost')}${requestEndpoint}`,\n  failOnStatusCode: false\n}).then(response => {\n  expect(response.status, 'Should have correct status').to.eql(200);\n  expect(response.body, 'Should have error with correct message').to.deep.eql({\n    error: 'Permission denied'\n  });\n});",
                  "err": {
                    "message": "AssertionError: Should have correct status: expected 401 to deeply equal 200",
                    "estack": "AssertionError: Should have correct status: expected 401 to deeply equal 200\n    at Context.eval (http://localhost:8080/__cypress/tests?p=cypress\\e2e\\asddsa\\api.cy.js:1237:66)",
                    "diff": "- 401\n+ 200\n"
                  },
                  "uuid": "9dd6489a-07d8-4562-9b7f-c39d48e7a5ba",
                  "parentUUID": "4dcde759-3d27-455d-9a98-fe1a6a0f242b",
                  "isHook": false,
                  "skipped": false
                }
              ],
              "suites": [],
              "passes": [],
              "failures": [
                "9dd6489a-07d8-4562-9b7f-c39d48e7a5ba"
              ],
              "pending": [],
              "skipped": [],
              "duration": 398,
              "root": false,
              "rootEmpty": false,
              "_timeout": 2000
            }
          ],
          "passes": [],
          "failures": [],
          "pending": [],
          "skipped": [],
          "duration": 0,
          "root": false,
          "rootEmpty": false,
          "_timeout": 2000
        }
      ],
      "passes": [],
      "failures": [],
      "pending": [],
      "skipped": [],
      "duration": 0,
      "root": true,
      "rootEmpty": true,
      "_timeout": 2000
    }
  ],
  "meta": {
    "mocha": {
      "version": "7.0.1"
    },
    "mochawesome": {
      "options": {
        "quiet": true,
        "reportFilename": "mochawesome",
        "saveHtml": false,
        "saveJson": true,
        "consoleReporter": "spec",
        "useInlineDiffs": false,
        "code": true
      },
      "version": "7.1.3"
    },
    "marge": {
      "options": {
        "reportDir": "cypress/results/mocha",
        "overwrite": false,
        "quiet": true,
        "html": false,
        "json": true
      },
      "version": "6.2.0"
    }
  }
}