{
  "stats": {
    "suites": 1,
    "tests": 1,
    "passes": 0,
    "pending": 0,
    "failures": 1,
    "start": "2022-09-07T18:36:06.238Z",
    "end": "2022-09-07T18:36:11.564Z",
    "duration": 5326,
    "testsRegistered": 1,
    "passPercent": 0,
    "pendingPercent": 0,
    "other": 0,
    "hasOther": false,
    "skipped": 0,
    "hasSkipped": false
  },
  "results": [
    {
      "uuid": "e333208d-106d-42f3-9e09-561b0a0aecdb",
      "title": "",
      "fullFile": "cypress\\e2e\\card\\card.cy.js",
      "file": "cypress\\e2e\\card\\card.cy.js",
      "beforeHooks": [],
      "afterHooks": [],
      "tests": [],
      "suites": [
        {
          "uuid": "27b36d76-6fe9-46b4-a543-9d461e09d874",
          "title": "Test main page",
          "fullFile": "",
          "file": "",
          "beforeHooks": [],
          "afterHooks": [],
          "tests": [
            {
              "title": "should see cv page",
              "fullTitle": "Test main page should see cv page",
              "timedOut": null,
              "duration": 5286,
              "state": "failed",
              "speed": null,
              "pass": false,
              "fail": true,
              "pending": false,
              "context": "\"assets/card/card.cy.js/Test main page -- should see cv page (failed).png\"",
              "code": "cy.location().its('pathname').should('eq', '/cv-vue23/');",
              "err": {
                "message": "AssertionError: Timed out retrying after 4000ms: expected '/cv-vue/' to equal '/cv-vue23/'",
                "estack": "AssertionError: Timed out retrying after 4000ms: expected '/cv-vue/' to equal '/cv-vue23/'\n    at Context.eval (http://localhost:8080/__cypress/tests?p=cypress\\e2e\\card\\card.cy.js:112:35)",
                "diff": "- '/cv-vue/'\n+ '/cv-vue23/'\n"
              },
              "uuid": "aa30f98c-5975-4d6e-a9af-af2f51848706",
              "parentUUID": "27b36d76-6fe9-46b4-a543-9d461e09d874",
              "isHook": false,
              "skipped": false
            }
          ],
          "suites": [],
          "passes": [],
          "failures": [
            "aa30f98c-5975-4d6e-a9af-af2f51848706"
          ],
          "pending": [],
          "skipped": [],
          "duration": 5286,
          "root": false,
          "rootEmpty": false,
          "_timeout": 2000
        }
      ],
      "passes": [],
      "failures": [],
      "pending": [],
      "skipped": [],
      "duration": 0,
      "root": true,
      "rootEmpty": true,
      "_timeout": 2000
    }
  ],
  "meta": {
    "mocha": {
      "version": "7.0.1"
    },
    "mochawesome": {
      "options": {
        "quiet": true,
        "reportFilename": "mochawesome",
        "saveHtml": false,
        "saveJson": true,
        "consoleReporter": "spec",
        "useInlineDiffs": false,
        "code": true
      },
      "version": "7.1.3"
    },
    "marge": {
      "options": {
        "reportDir": "cypress/results/mocha",
        "overwrite": false,
        "quiet": true,
        "html": false,
        "json": true
      },
      "version": "6.2.0"
    }
  }
}