{
  "stats": {
    "suites": 2,
    "tests": 1,
    "passes": 0,
    "pending": 0,
    "failures": 1,
    "start": "2022-09-06T19:08:49.919Z",
    "end": "2022-09-06T19:08:50.254Z",
    "duration": 335,
    "testsRegistered": 1,
    "passPercent": 0,
    "pendingPercent": 0,
    "other": 0,
    "hasOther": false,
    "skipped": 0,
    "hasSkipped": false
  },
  "results": [
    {
      "uuid": "807dcb25-4852-4ab0-a78f-2aad4eac9041",
      "title": "",
      "fullFile": "cypress\\e2e\\api\\api.cy.js",
      "file": "cypress\\e2e\\api\\api.cy.js",
      "beforeHooks": [],
      "afterHooks": [],
      "tests": [],
      "suites": [
        {
          "uuid": "4195e285-f8cc-4905-8d73-6daaed6589c7",
          "title": "Test api methods",
          "fullFile": "",
          "file": "",
          "beforeHooks": [],
          "afterHooks": [],
          "tests": [],
          "suites": [
            {
              "uuid": "bb777969-4e3e-4a4e-91d3-7522083a540f",
              "title": "Test sendRequest method",
              "fullFile": "",
              "file": "",
              "beforeHooks": [],
              "afterHooks": [],
              "tests": [
                {
                  "title": "should not be able to read data",
                  "fullTitle": "Test api methods Test sendRequest method should not be able to read data",
                  "timedOut": null,
                  "duration": 286,
                  "state": "failed",
                  "speed": null,
                  "pass": false,
                  "fail": true,
                  "pending": false,
                  "context": null,
                  "code": "cy.request({\n  url: `${Cypress.env('apiHost')}${requestEndpoint}`,\n  failOnStatusCode: false\n}).then(response => {\n  expect(response.status, 'Should have correct status').to.eql(200);\n  expect(response.body, 'Should have error with correct message').to.deep.eql({\n    error: 'Permission denied'\n  });\n});",
                  "err": {
                    "message": "AssertionError: Should have correct status: expected 401 to deeply equal 200",
                    "estack": "AssertionError: Should have correct status: expected 401 to deeply equal 200\n    at Context.eval (http://localhost:8080/__cypress/tests?p=cypress\\e2e\\api\\api.cy.js:1237:66)",
                    "diff": "- 401\n+ 200\n"
                  },
                  "uuid": "7477491d-f4e6-4df5-ab9f-4f2f35a3bdb8",
                  "parentUUID": "bb777969-4e3e-4a4e-91d3-7522083a540f",
                  "isHook": false,
                  "skipped": false
                }
              ],
              "suites": [],
              "passes": [],
              "failures": [
                "7477491d-f4e6-4df5-ab9f-4f2f35a3bdb8"
              ],
              "pending": [],
              "skipped": [],
              "duration": 286,
              "root": false,
              "rootEmpty": false,
              "_timeout": 2000
            }
          ],
          "passes": [],
          "failures": [],
          "pending": [],
          "skipped": [],
          "duration": 0,
          "root": false,
          "rootEmpty": false,
          "_timeout": 2000
        }
      ],
      "passes": [],
      "failures": [],
      "pending": [],
      "skipped": [],
      "duration": 0,
      "root": true,
      "rootEmpty": true,
      "_timeout": 2000
    }
  ],
  "meta": {
    "mocha": {
      "version": "7.0.1"
    },
    "mochawesome": {
      "options": {
        "quiet": true,
        "reportFilename": "mochawesome",
        "saveHtml": false,
        "saveJson": true,
        "consoleReporter": "spec",
        "useInlineDiffs": false,
        "code": true
      },
      "version": "7.1.3"
    },
    "marge": {
      "options": {
        "reportDir": "cypress/results/mocha",
        "overwrite": false,
        "quiet": true,
        "html": false,
        "json": true,
        "embeddedScreenshots": true
      },
      "version": "6.2.0"
    }
  }
}